#-----------------------------------------------------------
# Webtalk v2019.1 (64-bit)
# SW Build 2552052 on Fri May 24 14:49:42 MDT 2019
# 
# Start of session at: Thu Jul 27 11:07:16 2023
# Process ID: 21388
# Current directory: C:/Users/ecetech/Desktop/ECE315_labs/lab1/lab_1_new/lab_1_new.sdk/webtalk
# Command line: wbtcv.exe -mode batch -source sdk_webtalk.tcl
# Log file: C:/Users/ecetech/Desktop/ECE315_labs/lab1/lab_1_new/lab_1_new.sdk/webtalk/webtalk.log
# Journal file: C:/Users/ecetech/Desktop/ECE315_labs/lab1/lab_1_new/lab_1_new.sdk/webtalk\webtalk.jou
#-----------------------------------------------------------
source sdk_webtalk.tcl
# webtalk_init -webtalk_dir C:\\Users\\ecetech\\Desktop\\ECE315_labs\\lab1\\lab_1_new\\lab_1_new.sdk\\webtalk
# webtalk_register_client -client project
# webtalk_add_data -client project -key date_generated -value "2023-07-27 11:07:14" -context "software_version_and_target_device"
# webtalk_add_data -client project -key product_version -value "SDK v2019.1" -context "software_version_and_target_device"
# webtalk_add_data -client project -key build_version -value "2019.1" -context "software_version_and_target_device"
# webtalk_add_data -client project -key os_platform -value "amd64" -context "software_version_and_target_device"
# webtalk_add_data -client project -key registration_id -value "" -context "software_version_and_target_device"
# webtalk_add_data -client project -key tool_flow -value "SDK" -context "software_version_and_target_device"
# webtalk_add_data -client project -key beta -value "false" -context "software_version_and_target_device"
# webtalk_add_data -client project -key route_design -value "NA" -context "software_version_and_target_device"
# webtalk_add_data -client project -key target_family -value "NA" -context "software_version_and_target_device"
# webtalk_add_data -client project -key target_device -value "NA" -context "software_version_and_target_device"
# webtalk_add_data -client project -key target_package -value "NA" -context "software_version_and_target_device"
# webtalk_add_data -client project -key target_speed -value "NA" -context "software_version_and_target_device"
# webtalk_add_data -client project -key random_id -value "lrb9k4svdjjvcjjee5i7f4141u" -context "software_version_and_target_device"
# webtalk_add_data -client project -key project_id -value "2019.1_70" -context "software_version_and_target_device"
# webtalk_add_data -client project -key project_iteration -value "70" -context "software_version_and_target_device"
# webtalk_add_data -client project -key os_name -value "Microsoft Windows 8 or later , 64-bit" -context "user_environment"
# webtalk_add_data -client project -key os_release -value "major release  (build 9200)" -context "user_environment"
# webtalk_add_data -client project -key cpu_name -value "11th Gen Intel(R) Core(TM) i7-11700 @ 2.50GHz" -context "user_environment"
# webtalk_add_data -client project -key cpu_speed -value "2496 MHz" -context "user_environment"
# webtalk_add_data -client project -key total_processors -value "1" -context "user_environment"
# webtalk_add_data -client project -key system_ram -value "34.067 GB" -context "user_environment"
# webtalk_register_client -client sdk
# webtalk_add_data -client sdk -key uid -value "1690385897246" -context "sdk\\\\bsp/1690385897246"
# webtalk_add_data -client sdk -key hwid -value "1690232302059" -context "sdk\\\\bsp/1690385897246"
# webtalk_add_data -client sdk -key os -value "freertos10_xilinx" -context "sdk\\\\bsp/1690385897246"
# webtalk_add_data -client sdk -key apptemplate -value "empty_application" -context "sdk\\\\bsp/1690385897246"
# webtalk_add_data -client sdk -key RecordType -value "BSPCreation" -context "sdk\\\\bsp/1690385897246"
# webtalk_add_data -client sdk -key uid -value "1690385899365" -context "sdk\\\\application/1690385899365"
# webtalk_add_data -client sdk -key hwid -value "1690232302059" -context "sdk\\\\application/1690385899365"
# webtalk_add_data -client sdk -key bspid -value "1690385897246" -context "sdk\\\\application/1690385899365"
# webtalk_add_data -client sdk -key newbsp -value "true" -context "sdk\\\\application/1690385899365"
# webtalk_add_data -client sdk -key os -value "freertos10_xilinx" -context "sdk\\\\application/1690385899365"
# webtalk_add_data -client sdk -key apptemplate -value "empty_application" -context "sdk\\\\application/1690385899365"
# webtalk_add_data -client sdk -key RecordType -value "APPCreation" -context "sdk\\\\application/1690385899365"
# webtalk_add_data -client sdk -key LangUsed -value "C" -context "sdk\\\\application/1690385899365"
# webtalk_add_data -client sdk -key Procused -value "ps7_cortexa9" -context "sdk\\\\application/1690385899365"
# webtalk_add_data -client sdk -key projSize -value "514.265625" -context "sdk\\\\application/1690385899365"
# webtalk_add_data -client sdk -key uid -value "1690386192759" -context "sdk\\\\bsp/1690386192759"
# webtalk_add_data -client sdk -key hwid -value "1690232302059" -context "sdk\\\\bsp/1690386192759"
# webtalk_add_data -client sdk -key os -value "freertos10_xilinx" -context "sdk\\\\bsp/1690386192759"
# webtalk_add_data -client sdk -key apptemplate -value "freertos_hello_world" -context "sdk\\\\bsp/1690386192759"
# webtalk_add_data -client sdk -key RecordType -value "BSPCreation" -context "sdk\\\\bsp/1690386192759"
# webtalk_add_data -client sdk -key uid -value "1690386194292" -context "sdk\\\\application/1690386194292"
# webtalk_add_data -client sdk -key hwid -value "1690232302059" -context "sdk\\\\application/1690386194292"
# webtalk_add_data -client sdk -key bspid -value "1690386192759" -context "sdk\\\\application/1690386194292"
# webtalk_add_data -client sdk -key newbsp -value "true" -context "sdk\\\\application/1690386194292"
# webtalk_add_data -client sdk -key os -value "freertos10_xilinx" -context "sdk\\\\application/1690386194292"
# webtalk_add_data -client sdk -key apptemplate -value "freertos_hello_world" -context "sdk\\\\application/1690386194292"
# webtalk_add_data -client sdk -key RecordType -value "APPCreation" -context "sdk\\\\application/1690386194292"
# webtalk_add_data -client sdk -key LangUsed -value "C" -context "sdk\\\\application/1690386194292"
# webtalk_add_data -client sdk -key Procused -value "ps7_cortexa9" -context "sdk\\\\application/1690386194292"
# webtalk_add_data -client sdk -key uid -value "1690402860003" -context "sdk\\\\bsp/1690402860003"
# webtalk_add_data -client sdk -key hwid -value "1690232302059" -context "sdk\\\\bsp/1690402860003"
# webtalk_add_data -client sdk -key os -value "freertos10_xilinx" -context "sdk\\\\bsp/1690402860003"
# webtalk_add_data -client sdk -key apptemplate -value "empty_application" -context "sdk\\\\bsp/1690402860003"
# webtalk_add_data -client sdk -key RecordType -value "BSPCreation" -context "sdk\\\\bsp/1690402860003"
# webtalk_add_data -client sdk -key uid -value "1690402861551" -context "sdk\\\\application/1690402861551"
# webtalk_add_data -client sdk -key hwid -value "1690232302059" -context "sdk\\\\application/1690402861551"
# webtalk_add_data -client sdk -key bspid -value "1690402860003" -context "sdk\\\\application/1690402861551"
# webtalk_add_data -client sdk -key newbsp -value "true" -context "sdk\\\\application/1690402861551"
# webtalk_add_data -client sdk -key os -value "freertos10_xilinx" -context "sdk\\\\application/1690402861551"
# webtalk_add_data -client sdk -key apptemplate -value "empty_application" -context "sdk\\\\application/1690402861551"
# webtalk_add_data -client sdk -key RecordType -value "APPCreation" -context "sdk\\\\application/1690402861551"
# webtalk_add_data -client sdk -key LangUsed -value "C" -context "sdk\\\\application/1690402861551"
# webtalk_add_data -client sdk -key Procused -value "ps7_cortexa9" -context "sdk\\\\application/1690402861551"
# webtalk_add_data -client sdk -key projSize -value "513.49609375" -context "sdk\\\\application/1690402861551"
# webtalk_add_data -client sdk -key uid -value "NA" -context "sdk\\\\bsp/1690477634561"
# webtalk_add_data -client sdk -key RecordType -value "ToolUsage" -context "sdk\\\\bsp/1690477634561"
# webtalk_add_data -client sdk -key BootgenCount -value "0" -context "sdk\\\\bsp/1690477634561"
# webtalk_add_data -client sdk -key DebugCount -value "6" -context "sdk\\\\bsp/1690477634561"
# webtalk_add_data -client sdk -key PerfCount -value "0" -context "sdk\\\\bsp/1690477634561"
# webtalk_add_data -client sdk -key FlashCount -value "0" -context "sdk\\\\bsp/1690477634561"
# webtalk_add_data -client sdk -key CrossTriggCount -value "0" -context "sdk\\\\bsp/1690477634561"
# webtalk_add_data -client sdk -key QemuDebugCount -value "0" -context "sdk\\\\bsp/1690477634561"
# webtalk_transmit -clientid 1222025930 -regid "" -xml C:\\Users\\ecetech\\Desktop\\ECE315_labs\\lab1\\lab_1_new\\lab_1_new.sdk\\webtalk\\usage_statistics_ext_sdk.xml -html C:\\Users\\ecetech\\Desktop\\ECE315_labs\\lab1\\lab_1_new\\lab_1_new.sdk\\webtalk\\usage_statistics_ext_sdk.html -wdm C:\\Users\\ecetech\\Desktop\\ECE315_labs\\lab1\\lab_1_new\\lab_1_new.sdk\\webtalk\\sdk_webtalk.wdm -intro "<H3>SDK Usage Report</H3><BR>"
# webtalk_terminate
INFO: [Common 17-206] Exiting Webtalk at Thu Jul 27 11:07:17 2023...
